<?xml version='1.0' encoding='UTF-8'?>
<testsuite hostname="C02RT12CG8WL" name="BankRegisterServiceSpec" tests="4" errors="0" failures="0" skipped="0" time="0.112" timestamp="2019-08-18T22:02:08">
                     <properties>
[...]
</properties>
                     <testcase classname="BankRegisterServiceSpec" name="RegisterBanks should not process an invalid csv file" time="0.052">
                                                 
                                               </testcase><testcase classname="BankRegisterServiceSpec" name="RegisterBanks should not process invalid records" time="0.055">
                                                 
                                               </testcase><testcase classname="BankRegisterServiceSpec" name="RegisterBanks should not insert duplicate record in db" time="0.003">
                                                 
                                               </testcase><testcase classname="BankRegisterServiceSpec" name="RegisterBanks should insert valid records to db" time="0.002">
                                                 
                                               </testcase>
                     <system-out><![CDATA[]]></system-out>
                     <system-err><![CDATA[]]></system-err>
                   </testsuite>